<?xml version="1.0" encoding="UTF-8"?>
<!-- Generated by org.testng.reporters.JUnitReportReporter -->
<testsuite skipped="4" hostname="Vepas-MBP" name="com.test.LoginTest" tests="5" failures="0" timestamp="2020-05-27T13:13:24 CDT" time="2.178" errors="1">
  <testcase name="emptyPasswordLogin" time="0.000" classname="com.test.LoginTest">
    <skipped/>
  </testcase> <!-- emptyPasswordLogin -->
  <system-out/>
  <testcase name="emptyUsernameLogin" time="0.000" classname="com.test.LoginTest">
    <skipped/>
  </testcase> <!-- emptyUsernameLogin -->
  <system-out/>
  <testcase name="setUp" time="2.178" classname="com.test.LoginTest">
    <error type="org.openqa.selenium.SessionNotCreatedException" message="session not created: This version of ChromeDriver only supports Chrome version 81
Build info: version: &#039;3.141.59&#039;, revision: &#039;e82be7d358&#039;, time: &#039;2018-11-14T08:25:48&#039;
System info: host: &#039;Vepas-MBP&#039;, ip: &#039;2605:6000:1523:a9:68dd:1e30:9175:1f0e%en0&#039;, os.name: &#039;Mac OS X&#039;, os.arch: &#039;x86_64&#039;, os.version: &#039;10.15.4&#039;, java.version: &#039;1.8.0_241&#039;
Driver info: driver.version: ChromeDriver
remote stacktrace: 0   chromedriver                        0x0000000106685789 chromedriver + 4671369
1   chromedriver                        0x00000001066205d3 chromedriver + 4257235
2   chromedriver                        0x00000001062ca00f chromedriver + 757775
3   chromedriver                        0x0000000106229fc9 chromedriver + 102345
4   chromedriver                        0x00000001062261fc chromedriver + 86524
5   chromedriver                        0x0000000106255403 chromedriver + 279555
6   chromedriver                        0x0000000106252213 chromedriver + 266771
7   chromedriver                        0x000000010622c21d chromedriver + 111133
8   chromedriver                        0x000000010622d1c5 chromedriver + 115141
9   chromedriver                        0x000000010664803f chromedriver + 4419647
10  chromedriver                        0x0000000106654cda chromedriver + 4472026
11  chromedriver                        0x0000000106654a77 chromedriver + 4471415
12  chromedriver                        0x000000010662c189 chromedriver + 4305289
13  chromedriver                        0x0000000106655587 chromedriver + 4474247
14  chromedriver                        0x000000010663ddc7 chromedriver + 4378055
15  chromedriver                        0x000000010666b7f4 chromedriver + 4564980
16  chromedriver                        0x000000010668b717 chromedriver + 4695831
17  libsystem_pthread.dylib             0x00007fff6b06e109 _pthread_start + 148
18  libsystem_pthread.dylib             0x00007fff6b069b8b thread_start + 15
">
      <![CDATA[org.openqa.selenium.SessionNotCreatedException: session not created: This version of ChromeDriver only supports Chrome version 81
Build info: version: '3.141.59', revision: 'e82be7d358', time: '2018-11-14T08:25:48'
System info: host: 'Vepas-MBP', ip: '2605:6000:1523:a9:68dd:1e30:9175:1f0e%en0', os.name: 'Mac OS X', os.arch: 'x86_64', os.version: '10.15.4', java.version: '1.8.0_241'
Driver info: driver.version: ChromeDriver
remote stacktrace: 0   chromedriver                        0x0000000106685789 chromedriver + 4671369
1   chromedriver                        0x00000001066205d3 chromedriver + 4257235
2   chromedriver                        0x00000001062ca00f chromedriver + 757775
3   chromedriver                        0x0000000106229fc9 chromedriver + 102345
4   chromedriver                        0x00000001062261fc chromedriver + 86524
5   chromedriver                        0x0000000106255403 chromedriver + 279555
6   chromedriver                        0x0000000106252213 chromedriver + 266771
7   chromedriver                        0x000000010622c21d chromedriver + 111133
8   chromedriver                        0x000000010622d1c5 chromedriver + 115141
9   chromedriver                        0x000000010664803f chromedriver + 4419647
10  chromedriver                        0x0000000106654cda chromedriver + 4472026
11  chromedriver                        0x0000000106654a77 chromedriver + 4471415
12  chromedriver                        0x000000010662c189 chromedriver + 4305289
13  chromedriver                        0x0000000106655587 chromedriver + 4474247
14  chromedriver                        0x000000010663ddc7 chromedriver + 4378055
15  chromedriver                        0x000000010666b7f4 chromedriver + 4564980
16  chromedriver                        0x000000010668b717 chromedriver + 4695831
17  libsystem_pthread.dylib             0x00007fff6b06e109 _pthread_start + 148
18  libsystem_pthread.dylib             0x00007fff6b069b8b thread_start + 15

at sun.reflect.NativeConstructorAccessorImpl.newInstance0(Native Method)
at sun.reflect.NativeConstructorAccessorImpl.newInstance(NativeConstructorAccessorImpl.java:62)
at sun.reflect.DelegatingConstructorAccessorImpl.newInstance(DelegatingConstructorAccessorImpl.java:45)
at java.lang.reflect.Constructor.newInstance(Constructor.java:423)
at org.openqa.selenium.remote.W3CHandshakeResponse.lambda$errorHandler$0(W3CHandshakeResponse.java:62)
at org.openqa.selenium.remote.HandshakeResponse.lambda$getResponseFunction$0(HandshakeResponse.java:30)
at org.openqa.selenium.remote.ProtocolHandshake.lambda$createSession$0(ProtocolHandshake.java:126)
at java.util.stream.ReferencePipeline$3$1.accept(ReferencePipeline.java:193)
at java.util.Spliterators$ArraySpliterator.tryAdvance(Spliterators.java:958)
at java.util.stream.ReferencePipeline.forEachWithCancel(ReferencePipeline.java:126)
at java.util.stream.AbstractPipeline.copyIntoWithCancel(AbstractPipeline.java:499)
at java.util.stream.AbstractPipeline.copyInto(AbstractPipeline.java:486)
at java.util.stream.AbstractPipeline.wrapAndCopyInto(AbstractPipeline.java:472)
at java.util.stream.FindOps$FindOp.evaluateSequential(FindOps.java:152)
at java.util.stream.AbstractPipeline.evaluate(AbstractPipeline.java:234)
at java.util.stream.ReferencePipeline.findFirst(ReferencePipeline.java:464)
at org.openqa.selenium.remote.ProtocolHandshake.createSession(ProtocolHandshake.java:128)
at org.openqa.selenium.remote.ProtocolHandshake.createSession(ProtocolHandshake.java:74)
at org.openqa.selenium.remote.HttpCommandExecutor.execute(HttpCommandExecutor.java:136)
at org.openqa.selenium.remote.service.DriverCommandExecutor.execute(DriverCommandExecutor.java:83)
at org.openqa.selenium.remote.RemoteWebDriver.execute(RemoteWebDriver.java:552)
at org.openqa.selenium.remote.RemoteWebDriver.startSession(RemoteWebDriver.java:213)
at org.openqa.selenium.remote.RemoteWebDriver.<init>(RemoteWebDriver.java:131)
at org.openqa.selenium.chrome.ChromeDriver.<init>(ChromeDriver.java:181)
at org.openqa.selenium.chrome.ChromeDriver.<init>(ChromeDriver.java:168)
at org.openqa.selenium.chrome.ChromeDriver.<init>(ChromeDriver.java:123)
at com.utils.Base.setUp(Base.java:31)
at sun.reflect.NativeMethodAccessorImpl.invoke0(Native Method)
at sun.reflect.NativeMethodAccessorImpl.invoke(NativeMethodAccessorImpl.java:62)
at sun.reflect.DelegatingMethodAccessorImpl.invoke(DelegatingMethodAccessorImpl.java:43)
at java.lang.reflect.Method.invoke(Method.java:498)
at org.testng.internal.MethodInvocationHelper.invokeMethod(MethodInvocationHelper.java:135)
at org.testng.internal.MethodInvocationHelper.invokeMethodConsideringTimeout(MethodInvocationHelper.java:64)
at org.testng.internal.ConfigInvoker.invokeConfigurationMethod(ConfigInvoker.java:364)
at org.testng.internal.ConfigInvoker.invokeConfigurations(ConfigInvoker.java:318)
at org.testng.internal.TestInvoker.runConfigMethods(TestInvoker.java:700)
at org.testng.internal.TestInvoker.invokeMethod(TestInvoker.java:527)
at org.testng.internal.TestInvoker.invokeTestMethod(TestInvoker.java:174)
at org.testng.internal.MethodRunner.runInSequence(MethodRunner.java:46)
at org.testng.internal.TestInvoker$MethodInvocationAgent.invoke(TestInvoker.java:821)
at org.testng.internal.TestInvoker.invokeTestMethods(TestInvoker.java:147)
at org.testng.internal.TestMethodWorker.invokeTestMethods(TestMethodWorker.java:146)
at org.testng.internal.TestMethodWorker.run(TestMethodWorker.java:128)
at java.util.ArrayList.forEach(ArrayList.java:1257)
at org.testng.TestRunner.privateRun(TestRunner.java:767)
at org.testng.TestRunner.run(TestRunner.java:588)
at org.testng.SuiteRunner.runTest(SuiteRunner.java:384)
at org.testng.SuiteRunner.runSequentially(SuiteRunner.java:378)
at org.testng.SuiteRunner.privateRun(SuiteRunner.java:337)
at org.testng.SuiteRunner.run(SuiteRunner.java:286)
at org.testng.SuiteRunnerWorker.runSuite(SuiteRunnerWorker.java:53)
at org.testng.SuiteRunnerWorker.run(SuiteRunnerWorker.java:96)
at org.testng.TestNG.runSuitesSequentially(TestNG.java:1214)
at org.testng.TestNG.runSuitesLocally(TestNG.java:1136)
at org.testng.TestNG.runSuites(TestNG.java:1066)
at org.testng.TestNG.run(TestNG.java:1034)
at org.testng.remote.AbstractRemoteTestNG.run(AbstractRemoteTestNG.java:115)
at org.testng.remote.RemoteTestNG.initAndRun(RemoteTestNG.java:251)
at org.testng.remote.RemoteTestNG.main(RemoteTestNG.java:77)
]]>
    </error>
  </testcase> <!-- setUp -->
  <system-out/>
  <testcase name="invalidPasswordLogin" time="0.000" classname="com.test.LoginTest">
    <skipped/>
  </testcase> <!-- invalidPasswordLogin -->
  <system-out/>
  <testcase name="validAdminLogin" time="0.000" classname="com.test.LoginTest">
    <skipped/>
  </testcase> <!-- validAdminLogin -->
  <system-out/>
</testsuite> <!-- com.test.LoginTest -->
